

Version:	3.12
CmdLine:	C:\Users\USER\eclipse-workspace\TrainTicketSystemStationPCController\build\RTS.exe --l4j-debug
WOW64:		yes
Working dir:	C:\Users\USER\eclipse-workspace\TrainTicketSystemStationPCController\build\.
Java min ver:	1.008.000
Java max ver:	
Bundled JRE:	jre
Check launcher:	C:\Users\USER\eclipse-workspace\TrainTicketSystemStationPCController\build\jre\bin\javaw.exe (not found)
64-bit search:	SOFTWARE\JavaSoft\Java Runtime Environment...
Check:		SOFTWARE\JavaSoft\Java Runtime Environment\1.8
Check launcher:	C:\Program Files\Java\jre1.8.0_271\bin\javaw.exe (OK)
Match:		1.008.000
Check:		SOFTWARE\JavaSoft\Java Runtime Environment\1.8.0_271
Check launcher:	C:\Program Files\Java\jre1.8.0_271\bin\javaw.exe (OK)
Match:		1.008.000_271
64-bit search:	SOFTWARE\JavaSoft\Java Development Kit...
Check:		SOFTWARE\JavaSoft\Java Development Kit\1.8
Ignore:		1.008.000
Check:		SOFTWARE\JavaSoft\Java Development Kit\1.8.0_271
Ignore:		1.008.000_271
64-bit search:	SOFTWARE\JavaSoft\JRE...
64-bit search:	SOFTWARE\JavaSoft\JDK...
Check:		SOFTWARE\JavaSoft\JDK\13.0.2
Check launcher:	C:\Program Files\Java\jdk-13.0.2\bin\javaw.exe (OK)
Match:		1.013.000_002
Runtime used:	1.013.000_002 (64-bit)
Launcher:	C:\Program Files\Java\jdk-13.0.2\bin\javaw.exe
Launcher args:	-jar "C:\Users\USER\eclipse-workspace\TrainTicketSystemStationPCController\build\RTS.exe"
Args length:	89/32768 chars
Exit code:	0


Version:	3.12
CmdLine:	C:\Users\USER\eclipse-workspace\TrainTicketSystemStationPCController\build\RTS.exe --l4j-debug
WOW64:		yes
Working dir:	C:\Users\USER\eclipse-workspace\TrainTicketSystemStationPCController\build\.
Java min ver:	1.008.000
Java max ver:	
Bundled JRE:	jre
Check launcher:	C:\Users\USER\eclipse-workspace\TrainTicketSystemStationPCController\build\jre\bin\javaw.exe (OK)
Launcher:	C:\Users\USER\eclipse-workspace\TrainTicketSystemStationPCController\build\jre\bin\javaw.exe
Launcher args:	-jar "C:\Users\USER\eclipse-workspace\TrainTicketSystemStationPCController\build\RTS.exe"
Args length:	89/32768 chars
Exit code:	0
